{
  "RSpec": {
    "coverage": {
      "/usr/src/app/spec/support/features.rb": [
        null,
        null,
        1,
        1,
        1,
        null
      ],
      "/usr/src/app/spec/support/session_helpers.rb": [
        null,
        null,
        null,
        null,
        null,
        1,
        1,
        1,
        0,
        0,
        0,
        0,
        null,
        null,
        null
      ],
      "/usr/src/app/spec/authorization/user_ability_spec.rb": [
        null,
        null,
        1,
        1,
        null,
        null,
        null,
        null,
        null,
        null,
        null,
        null,
        null,
        1,
        1,
        7,
        1,
        null,
        1,
        5,
        2,
        2,
        2,
        2,
        null,
        1,
        null,
        null,
        1,
        3,
        3,
        3,
        3,
        null,
        3,
        null,
        1,
        1,
        null,
        2,
        2,
        null,
        null,
        null
      ],
      "/usr/src/app/spec/rails_helper.rb": [
        null,
        null,
        null,
        1,
        1,
        null,
        1,
        0,
        null,
        null,
        1,
        1,
        1,
        null,
        1,
        null,
        null,
        null,
        null,
        null,
        null,
        null,
        null,
        null,
        null,
        null,
        null,
        null,
        null,
        null,
        null,
        null,
        1,
        null,
        1,
        1,
        299,
        null,
        null,
        null,
        1,
        1,
        1,
        1,
        null,
        null,
        null,
        null,
        null,
        null,
        null,
        1,
        null,
        null,
        null,
        null,
        null,
        null,
        null,
        null,
        null,
        null,
        null,
        null,
        null,
        null,
        1,
        null,
        null,
        1,
        null,
        null,
        null,
        1,
        1,
        1,
        null
      ],
      "/usr/src/app/config/environment.rb": [
        null,
        null,
        null,
        1,
        null,
        null,
        1
      ],
      "/usr/src/app/config/application.rb": [
        null,
        null,
        1,
        null,
        1,
        null,
        null,
        null,
        1,
        null,
        1,
        null,
        1,
        null,
        1,
        null,
        null,
        null,
        null,
        null,
        null,
        null,
        1,
        1,
        null,
        1,
        1,
        1,
        1,
        null,
        null,
        1,
        null,
        null,
        null,
        1,
        null,
        null,
        null
      ],
      "/usr/src/app/config/boot.rb": [
        null,
        null,
        1,
        null,
        1,
        1
      ],
      "/usr/src/app/config/environments/test.rb": [
        null,
        null,
        null,
        null,
        null,
        null,
        null,
        1,
        null,
        null,
        null,
        1,
        null,
        null,
        null,
        null,
        1,
        null,
        null,
        1,
        1,
        null,
        null,
        null,
        null,
        1,
        1,
        1,
        null,
        null,
        1,
        null,
        null,
        1,
        null,
        null,
        1,
        null,
        1,
        null,
        null,
        null,
        null,
        1,
        null,
        null,
        1,
        null,
        null,
        null,
        null,
        null,
        1,
        1,
        null,
        null
      ],
      "/usr/src/app/config/initializers/active_admin.rb": [
        null,
        null,
        1,
        null,
        null,
        null,
        null,
        null,
        null,
        null,
        1,
        null,
        null,
        null,
        null,
        null,
        null,
        null,
        null,
        null,
        null,
        null,
        null,
        null,
        null,
        null,
        null,
        null,
        null,
        null,
        null,
        null,
        null,
        null,
        null,
        null,
        null,
        null,
        null,
        null,
        null,
        null,
        null,
        null,
        null,
        null,
        null,
        null,
        null,
        null,
        null,
        null,
        null,
        null,
        null,
        null,
        null,
        null,
        null,
        null,
        1,
        null,
        null,
        null,
        null,
        null,
        null,
        null,
        null,
        null,
        null,
        null,
        null,
        null,
        null,
        null,
        null,
        null,
        null,
        null,
        null,
        null,
        null,
        null,
        null,
        null,
        null,
        null,
        null,
        null,
        null,
        null,
        1,
        null,
        null,
        null,
        null,
        null,
        null,
        null,
        null,
        null,
        null,
        null,
        1,
        null,
        null,
        null,
        null,
        null,
        1,
        null,
        null,
        null,
        null,
        null,
        null,
        null,
        null,
        null,
        null,
        null,
        null,
        null,
        null,
        null,
        null,
        null,
        null,
        null,
        null,
        null,
        null,
        null,
        null,
        null,
        null,
        null,
        null,
        1,
        null,
        null,
        null,
        null,
        null,
        1,
        null,
        null,
        null,
        null,
        null,
        null,
        null,
        null,
        null,
        null,
        null,
        null,
        null,
        null,
        null,
        1,
        null,
        null,
        null,
        null,
        null,
        null,
        null,
        null,
        null,
        null,
        null,
        null,
        null,
        null,
        null,
        null,
        null,
        null,
        null,
        null,
        null,
        null,
        null,
        null,
        null,
        null,
        null,
        null,
        null,
        null,
        null,
        null,
        null,
        null,
        null,
        null,
        null,
        null,
        null,
        null,
        null,
        null,
        null,
        null,
        null,
        null,
        null,
        null,
        null,
        null,
        null,
        null,
        null,
        null,
        null,
        null,
        null,
        null,
        null,
        null,
        null,
        null,
        null,
        null,
        null,
        null,
        null,
        null,
        null,
        null,
        null,
        null,
        null,
        null,
        null,
        null,
        null,
        null,
        null,
        null,
        1,
        1,
        1,
        1,
        1,
        103,
        null,
        1,
        103,
        null,
        null,
        null,
        1,
        1,
        null,
        null,
        null,
        null,
        null,
        null,
        null,
        null,
        null,
        null,
        null,
        null,
        null,
        null,
        null,
        null,
        null,
        null,
        null,
        null,
        null,
        null,
        null,
        null,
        null,
        null,
        null,
        null,
        null,
        null,
        null,
        null,
        null,
        null,
        null,
        null,
        null,
        null,
        null,
        null,
        null,
        null,
        null,
        null,
        null,
        null,
        null,
        null,
        null,
        null,
        null,
        null,
        null,
        null,
        null,
        null,
        null,
        null,
        null,
        null,
        null,
        null,
        null,
        null,
        null,
        1,
        null,
        1,
        1,
        null,
        null
      ],
      "/usr/src/app/app/helpers/internships_helper.rb": [
        null,
        null,
        null,
        1,
        1,
        28,
        3,
        null,
        25,
        null,
        null,
        null
      ],
      "/usr/src/app/config/initializers/application_controller_renderer.rb": [
        null,
        null,
        null,
        null,
        null,
        null,
        null,
        null,
        null,
        null
      ],
      "/usr/src/app/config/initializers/assets.rb": [
        null,
        null,
        null,
        null,
        null,
        1,
        null,
        null,
        null,
        null,
        1,
        null,
        null,
        null,
        null,
        null,
        null,
        null,
        1,
        1,
        null,
        null,
        null,
        null,
        1,
        1,
        null,
        1,
        null,
        1,
        1,
        1,
        1,
        1,
        1,
        1,
        1,
        1,
        1,
        1,
        1,
        1,
        null,
        null,
        null,
        null
      ],
      "/usr/src/app/config/initializers/backtrace_silencers.rb": [
        null,
        null,
        null,
        null,
        null,
        null,
        null,
        null,
        null,
        null,
        null
      ],
      "/usr/src/app/config/initializers/content_security_policy.rb": [
        null,
        null,
        null,
        null,
        null,
        null,
        null,
        null,
        null,
        null,
        null,
        null,
        null,
        null,
        null,
        null,
        null,
        null,
        null,
        null,
        null,
        null,
        null,
        null,
        null,
        null,
        null,
        null,
        null,
        null
      ],
      "/usr/src/app/config/initializers/cookies_serializer.rb": [
        null,
        null,
        null,
        null,
        null,
        null,
        1
      ],
      "/usr/src/app/config/initializers/devise.rb": [
        null,
        null,
        null,
        null,
        1,
        null,
        null,
        null,
        null,
        1,
        null,
        null,
        1,
        null,
        null,
        null,
        null,
        null,
        null,
        null,
        1,
        null,
        null,
        null,
        null,
        null,
        null,
        null,
        null,
        null,
        null,
        null,
        null,
        null,
        null,
        null,
        null,
        null,
        null,
        null,
        null,
        null,
        null,
        null,
        null,
        null,
        null,
        1,
        null,
        null,
        null,
        null,
        null,
        1,
        null,
        null,
        null,
        null,
        null,
        null,
        null,
        null,
        null,
        null,
        null,
        null,
        null,
        null,
        null,
        null,
        null,
        null,
        null,
        null,
        null,
        null,
        null,
        null,
        null,
        null,
        null,
        null,
        null,
        null,
        null,
        null,
        null,
        null,
        null,
        null,
        null,
        1,
        null,
        null,
        null,
        null,
        null,
        null,
        null,
        null,
        null,
        null,
        1,
        null,
        null,
        null,
        null,
        null,
        null,
        null,
        null,
        null,
        null,
        null,
        null,
        null,
        null,
        null,
        null,
        null,
        null,
        null,
        null,
        null,
        null,
        null,
        null,
        null,
        null,
        1,
        null,
        null,
        null,
        null,
        null,
        null,
        null,
        null,
        null,
        null,
        null,
        null,
        null,
        null,
        null,
        null,
        null,
        1,
        null,
        null,
        null,
        null,
        null,
        null,
        null,
        null,
        null,
        null,
        null,
        null,
        null,
        null,
        null,
        null,
        null,
        null,
        null,
        null,
        null,
        null,
        null,
        null,
        null,
        null,
        null,
        null,
        null,
        null,
        null,
        null,
        null,
        null,
        null,
        null,
        null,
        null,
        null,
        null,
        null,
        null,
        null,
        null,
        null,
        null,
        null,
        1,
        null,
        null,
        null,
        null,
        null,
        null,
        null,
        null,
        null,
        null,
        null,
        null,
        null,
        null,
        null,
        null,
        null,
        null,
        null,
        null,
        null,
        null,
        null,
        null,
        null,
        null,
        null,
        null,
        null,
        null,
        null,
        null,
        null,
        null,
        null,
        null,
        null,
        null,
        null,
        null,
        null,
        null,
        null,
        null,
        null,
        null,
        null,
        null,
        null,
        null,
        null,
        null,
        null,
        null,
        null,
        null,
        null,
        null,
        null,
        null,
        null,
        null,
        1,
        1,
        null,
        1,
        null,
        null,
        null,
        null,
        null,
        null,
        null,
        null,
        null,
        null,
        null,
        null,
        null,
        null,
        null,
        null,
        null
      ],
      "/usr/src/app/config/initializers/feature_toggle.rb": [
        null,
        null,
        null,
        null,
        1,
        1,
        1,
        null,
        null,
        1,
        0,
        null,
        null,
        1,
        298,
        null,
        null,
        1,
        2,
        null,
        null,
        null,
        null,
        1,
        null,
        1,
        1,
        280,
        null,
        null,
        1,
        18,
        null,
        null
      ],
      "/usr/src/app/config/initializers/filter_parameter_logging.rb": [
        null,
        null,
        null,
        null,
        null,
        1
      ],
      "/usr/src/app/config/initializers/geocoder.rb": [
        null,
        null,
        1,
        null,
        null,
        null,
        null,
        null,
        null,
        null,
        null,
        null,
        null,
        null,
        null,
        null,
        null,
        null,
        null,
        null,
        null,
        null,
        null,
        null,
        null
      ],
      "/usr/src/app/config/initializers/inflections.rb": [
        null,
        null,
        null,
        null,
        null,
        null,
        null,
        null,
        null,
        null,
        null,
        null,
        null,
        null,
        null,
        null,
        null,
        null
      ],
      "/usr/src/app/config/initializers/ldap_authenticatable.rb": [
        null,
        null,
        1,
        1,
        null,
        1,
        1,
        null,
        1,
        1,
        79,
        null,
        79,
        null,
        null,
        1,
        49,
        null,
        null,
        1,
        80,
        null,
        null,
        1,
        62,
        null,
        null,
        1,
        18,
        18,
        null,
        null,
        18,
        13,
        13,
        null,
        5,
        null,
        null,
        null,
        null,
        null,
        null,
        1,
        null
      ],
      "/usr/src/app/lib/ldap/ldaphtw_adapter.rb": [
        null,
        null,
        1,
        null,
        1,
        1,
        null,
        1,
        43,
        null,
        null,
        1,
        1,
        30,
        null,
        null,
        1,
        1,
        null,
        null,
        1,
        98,
        null,
        null,
        1,
        18,
        18,
        null,
        18,
        null,
        null,
        1,
        18,
        null,
        null,
        1,
        18,
        null,
        null,
        null,
        1,
        18,
        null,
        null,
        null,
        null,
        1,
        18,
        null,
        null,
        null,
        null,
        null,
        null,
        null,
        null,
        null,
        null,
        1,
        62,
        null,
        null,
        1,
        62,
        null,
        null,
        1,
        0,
        0,
        null,
        null,
        1,
        5,
        null,
        null,
        null,
        1,
        null,
        18,
        null,
        0,
        0,
        null,
        18,
        18,
        null,
        null,
        1,
        80,
        null,
        5,
        5,
        5,
        null,
        75,
        75,
        75,
        null,
        null,
        null,
        1,
        null,
        1,
        85,
        null,
        41,
        41,
        null,
        0,
        null,
        null,
        null
      ],
      "/usr/src/app/config/initializers/locale.rb": [
        null,
        null,
        1,
        1,
        1
      ],
      "/usr/src/app/config/initializers/mime_types.rb": [
        null,
        null,
        null,
        1,
        1,
        1
      ],
      "/usr/src/app/config/initializers/new_framework_defaults.rb": [
        null,
        null,
        null,
        null,
        null,
        null,
        null,
        null,
        null,
        null,
        null,
        null,
        null,
        null,
        1,
        null,
        null,
        1,
        null,
        null,
        null,
        null,
        null,
        null,
        1,
        null,
        null,
        1
      ],
      "/usr/src/app/config/initializers/new_framework_defaults_5_2.rb": [
        null,
        null,
        null,
        null,
        null,
        null,
        null,
        null,
        null,
        null,
        null,
        null,
        null,
        null,
        null,
        null,
        null,
        null,
        null,
        null,
        null,
        null,
        null,
        null,
        null,
        null,
        null,
        null,
        null,
        null,
        null,
        null,
        null,
        null,
        null,
        null,
        null,
        null,
        1,
        null,
        null,
        null,
        null,
        null,
        null,
        null,
        null,
        null,
        null,
        null,
        null
      ],
      "/usr/src/app/config/initializers/new_framework_defaults_6_0.rb": [
        null,
        null,
        null,
        null,
        null,
        null,
        null,
        null,
        null,
        null,
        null,
        1,
        null,
        null,
        null,
        null,
        null,
        null,
        1,
        null,
        null,
        1,
        null,
        null,
        1,
        null,
        null,
        1,
        1,
        null,
        null,
        null,
        1,
        null,
        null,
        null,
        null,
        null,
        null,
        null,
        null,
        1,
        null,
        null,
        null,
        null,
        1
      ],
      "/usr/src/app/config/initializers/session_store.rb": [
        null,
        null,
        null,
        null,
        1
      ],
      "/usr/src/app/config/initializers/wrap_parameters.rb": [
        null,
        null,
        null,
        null,
        null,
        null,
        null,
        null,
        null,
        1,
        1,
        null,
        null,
        null,
        null,
        null,
        null
      ],
      "/usr/src/app/spec/factories/admin_users.rb": [
        null,
        null,
        1,
        1,
        1,
        67,
        67,
        67,
        67,
        67,
        null,
        1,
        62,
        62,
        62,
        62,
        62,
        62,
        null,
        null
      ],
      "/usr/src/app/app/models/user.rb": [
        null,
        null,
        null,
        null,
        1,
        1,
        null,
        null,
        null,
        null,
        null,
        null,
        1,
        1,
        1,
        null,
        1,
        112,
        106,
        null,
        6,
        null,
        null,
        null,
        1,
        1,
        1,
        1,
        1,
        null,
        1,
        null,
        1,
        428,
        null,
        null,
        null,
        1,
        421,
        null,
        102,
        null,
        null,
        1,
        5,
        null,
        4,
        3,
        null,
        1,
        null,
        null,
        1,
        1,
        115,
        null,
        null,
        1,
        19,
        19,
        null,
        null,
        1,
        10,
        10,
        null,
        null,
        10,
        null,
        null,
        1,
        13,
        13,
        7,
        7,
        null,
        13,
        null,
        null,
        13,
        13,
        null,
        null,
        1,
        0,
        null,
        null,
        null,
        null,
        null,
        1,
        6,
        null,
        null,
        null,
        1,
        41,
        6,
        null,
        35,
        null,
        null,
        null
      ],
      "/usr/src/app/app/models/application_record.rb": [
        null,
        null,
        null,
        1,
        1,
        null,
        1,
        1,
        null,
        null,
        1,
        2,
        3,
        null,
        null,
        null
      ],
      "/usr/src/app/spec/factories/attachments.rb": [
        null,
        null,
        1,
        null,
        null,
        null,
        null,
        null,
        null,
        null,
        null,
        1,
        1,
        1,
        1,
        0,
        null,
        null,
        null,
        null
      ],
      "/usr/src/app/spec/factories/certificate_states.rb": [
        null,
        null,
        1,
        1,
        79,
        79,
        null,
        null
      ],
      "/usr/src/app/spec/factories/companies.rb": [
        null,
        null,
        1,
        1,
        215,
        225,
        225,
        223,
        225,
        225,
        225,
        1,
        217,
        null,
        null,
        null,
        null,
        225,
        null,
        null,
        1,
        11,
        11,
        11,
        11,
        11,
        11,
        11,
        1,
        10,
        null,
        null,
        null,
        null,
        11,
        null,
        null,
        1,
        34,
        34,
        34,
        34,
        34,
        34,
        34,
        1,
        33,
        null,
        null,
        null,
        null,
        34,
        null,
        null,
        1,
        28,
        28,
        28,
        28,
        28,
        28,
        28,
        1,
        27,
        null,
        null,
        null,
        null,
        28,
        null,
        null,
        1,
        2,
        2,
        2,
        2,
        2,
        2,
        2,
        2,
        null,
        null
      ],
      "/usr/src/app/app/models/company.rb": [
        null,
        null,
        null,
        1,
        1,
        1,
        1,
        null,
        1,
        40,
        null,
        null,
        null,
        1,
        4,
        null,
        null,
        1,
        2,
        2,
        2,
        4,
        4,
        4,
        null,
        null,
        2,
        2,
        null,
        null
      ],
      "/usr/src/app/spec/factories/company_addresses.rb": [
        null,
        null,
        null,
        1,
        1,
        218,
        218,
        218,
        218,
        218,
        218,
        1,
        null,
        null,
        1,
        13,
        13,
        13,
        13,
        13,
        13,
        1,
        null,
        null,
        1,
        5,
        5,
        5,
        5,
        5,
        5,
        5,
        null,
        null,
        1,
        6,
        6,
        6,
        6,
        6,
        6,
        6,
        null,
        null,
        1,
        2,
        2,
        2,
        2,
        2,
        2,
        null,
        null,
        null,
        1,
        36,
        36,
        36,
        36,
        36,
        36,
        3,
        null,
        null,
        1,
        30,
        30,
        30,
        30,
        30,
        30,
        3,
        null,
        null,
        1,
        2,
        2,
        2,
        2,
        2,
        2,
        2,
        null,
        null
      ],
      "/usr/src/app/app/models/company_address.rb": [
        null,
        null,
        null,
        null,
        1,
        1,
        1,
        1,
        1,
        null,
        1,
        1,
        null,
        null,
        1,
        300,
        null,
        null,
        1,
        300,
        null,
        null,
        1,
        1,
        null,
        null,
        null,
        null,
        null,
        null,
        1,
        301,
        null,
        null,
        null,
        null,
        1,
        324,
        null,
        324,
        324,
        null,
        324,
        null,
        null,
        1,
        0,
        null,
        null
      ],
      "/usr/src/app/spec/factories/complete_internships.rb": [
        null,
        null,
        1,
        1,
        1,
        1,
        95,
        96,
        97,
        null,
        null,
        1,
        1,
        null,
        4,
        4,
        4,
        null,
        null,
        1,
        1,
        null,
        2,
        2,
        2,
        null,
        1,
        1,
        null,
        null,
        null,
        null,
        null,
        null,
        null
      ],
      "/usr/src/app/app/models/complete_internship.rb": [
        null,
        null,
        null,
        null,
        null,
        null,
        1,
        1,
        1,
        1,
        1,
        null,
        null,
        null
      ],
      "/usr/src/app/spec/factories/contract_states.rb": [
        null,
        null,
        1,
        1,
        79,
        79,
        null,
        null
      ],
      "/usr/src/app/spec/factories/database_parsers.rb": [
        null,
        null,
        1,
        null,
        null,
        null,
        null,
        null,
        null
      ],
      "/usr/src/app/spec/factories/favorites.rb": [
        null,
        null,
        1,
        1,
        1,
        1,
        1,
        null,
        null
      ],
      "/usr/src/app/spec/factories/internship_notification_handlers.rb": [
        null,
        null,
        1,
        null,
        null,
        null,
        null,
        null,
        null
      ],
      "/usr/src/app/spec/factories/internship_offers.rb": [
        null,
        null,
        1,
        null,
        null,
        null,
        null,
        null,
        null,
        null,
        null,
        1,
        null,
        null,
        null,
        1,
        1,
        8,
        8,
        8,
        8,
        8,
        8,
        null,
        1,
        4,
        4,
        4,
        4,
        4,
        4,
        null,
        1,
        4,
        4,
        4,
        4,
        4,
        4,
        null,
        1,
        4,
        4,
        4,
        4,
        4,
        4,
        null,
        null
      ],
      "/usr/src/app/app/models/internship_offer.rb": [
        null,
        null,
        null,
        1,
        1,
        null,
        1,
        null
      ],
      "/usr/src/app/app/uploaders/internship_report_uploader.rb": [
        null,
        null,
        null,
        1,
        null,
        null,
        null,
        null,
        null,
        null,
        null,
        null,
        1,
        null,
        null,
        null,
        null,
        1,
        82,
        null,
        null,
        null,
        null,
        null,
        null,
        null,
        null,
        null,
        null,
        null,
        null,
        null,
        null,
        null,
        null,
        null,
        null,
        null,
        null,
        null,
        null,
        null,
        null,
        null,
        null,
        null,
        null,
        null,
        1,
        0,
        null,
        null,
        null,
        null,
        null,
        null,
        null,
        null
      ],
      "/usr/src/app/app/uploaders/uploader.rb": [
        null,
        null,
        null,
        1,
        1,
        0,
        null,
        null,
        null,
        null,
        null,
        null
      ],
      "/usr/src/app/spec/factories/internship_ratings.rb": [
        null,
        null,
        1,
        1,
        91,
        91,
        91,
        91,
        91,
        null,
        1,
        2,
        2,
        2,
        2,
        2,
        null,
        null,
        1,
        2,
        2,
        2,
        2,
        2,
        null,
        null,
        null
      ],
      "/usr/src/app/spec/factories/internship_states.rb": [
        null,
        null,
        1,
        1,
        70,
        70,
        null,
        1,
        1,
        1,
        null,
        1,
        10,
        10,
        null,
        null
      ],
      "/usr/src/app/app/models/internship_state.rb": [
        null,
        null,
        null,
        1,
        null,
        null,
        null,
        1,
        null
      ],
      "/usr/src/app/spec/factories/internships.rb": [
        null,
        null,
        1,
        null,
        null,
        null,
        null,
        null,
        null,
        null,
        null,
        1,
        1,
        1,
        63,
        63,
        null,
        null,
        64,
        61,
        1,
        null,
        1,
        64,
        64,
        1,
        64,
        64,
        1,
        61,
        64,
        64,
        64,
        64,
        1,
        1,
        1,
        1,
        1,
        1,
        1,
        1,
        64,
        64,
        64,
        64,
        64,
        64,
        57,
        1,
        63,
        null,
        null,
        1,
        63,
        63,
        null,
        1,
        63,
        63,
        null,
        null,
        null,
        1,
        1,
        6,
        6,
        null,
        null,
        7,
        7,
        1,
        null,
        1,
        7,
        7,
        1,
        7,
        7,
        1,
        7,
        7,
        7,
        7,
        7,
        7,
        1,
        1,
        1,
        1,
        1,
        1,
        1,
        7,
        7,
        7,
        7,
        7,
        7,
        7,
        1,
        6,
        null,
        null,
        null,
        null,
        null,
        1,
        6,
        6,
        null,
        1,
        6,
        6,
        null,
        null,
        null,
        1,
        1,
        6,
        6,
        null,
        null,
        7,
        7,
        1,
        null,
        1,
        7,
        7,
        1,
        7,
        7,
        1,
        7,
        7,
        7,
        7,
        7,
        1,
        1,
        1,
        1,
        1,
        1,
        1,
        1,
        7,
        7,
        7,
        7,
        7,
        7,
        7,
        1,
        6,
        null,
        null,
        null,
        null,
        null,
        null,
        1,
        6,
        6,
        null,
        1,
        6,
        6,
        null,
        null,
        null,
        1,
        1,
        3,
        3,
        null,
        null,
        4,
        4,
        1,
        null,
        1,
        4,
        4,
        1,
        4,
        4,
        1,
        4,
        4,
        4,
        4,
        4,
        4,
        4,
        1,
        1,
        1,
        1,
        1,
        1,
        4,
        4,
        4,
        4,
        4,
        4,
        4,
        1,
        3,
        null,
        null,
        null,
        null,
        null,
        1,
        3,
        3,
        null,
        1,
        3,
        3,
        null,
        null,
        null,
        1,
        1,
        1,
        1,
        null,
        null,
        2,
        2,
        1,
        null,
        1,
        2,
        2,
        1,
        2,
        2,
        1,
        2,
        2,
        2,
        2,
        2,
        1,
        1,
        1,
        2,
        2,
        2,
        2,
        2,
        2,
        2,
        1,
        1,
        null,
        null,
        null,
        null,
        null,
        null,
        1,
        1,
        1,
        null,
        1,
        1,
        1,
        null,
        null,
        null,
        1,
        2,
        2,
        1,
        null,
        1,
        2,
        2,
        1,
        2,
        2,
        1,
        2,
        2,
        2,
        2,
        2,
        1,
        1,
        1,
        2,
        2,
        2,
        2,
        2,
        2,
        2,
        null,
        null
      ],
      "/usr/src/app/app/models/internship.rb": [
        null,
        null,
        1,
        1,
        null,
        null,
        1,
        1,
        null,
        null,
        null,
        1,
        1,
        1,
        1,
        1,
        1,
        null,
        1,
        1,
        1,
        1,
        1,
        1,
        1,
        1,
        1,
        1,
        null,
        46,
        1,
        1,
        null,
        1,
        null,
        1,
        1,
        null,
        1,
        0,
        1,
        1,
        53,
        null,
        null,
        null,
        null,
        1,
        1,
        null,
        null,
        1,
        2,
        null,
        null,
        null,
        1,
        0,
        null,
        null,
        1,
        54,
        0,
        null,
        54,
        null,
        null,
        null,
        1,
        8,
        0,
        null,
        8,
        null,
        null,
        null,
        1,
        28,
        null,
        1,
        114,
        null,
        null,
        1,
        20,
        null,
        4,
        null,
        null,
        null,
        null,
        1,
        0,
        0,
        null,
        0,
        0,
        null,
        null,
        null,
        1,
        36,
        null,
        null,
        36,
        56,
        null,
        0,
        null,
        null
      ],
      "/usr/src/app/spec/factories/ldap_authentications.rb": [
        null,
        null,
        1,
        null,
        null,
        null,
        null,
        null,
        null,
        null
      ],
      "/usr/src/app/spec/factories/notifications.rb": [
        null,
        null,
        1,
        null,
        null,
        null,
        null,
        null,
        null,
        null,
        null,
        1,
        1,
        7,
        7,
        1,
        1,
        null,
        null
      ],
      "/usr/src/app/spec/factories/orientations.rb": [
        null,
        null,
        1,
        1,
        81,
        null,
        null
      ],
      "/usr/src/app/spec/factories/payment_states.rb": [
        null,
        null,
        1,
        1,
        81,
        81,
        null,
        null
      ],
      "/usr/src/app/spec/factories/programming_languages.rb": [
        null,
        null,
        1,
        1,
        2,
        null,
        1,
        2,
        null,
        1,
        2,
        null,
        1,
        2,
        null,
        1,
        2,
        null,
        1,
        2,
        null,
        1,
        2,
        null,
        null
      ],
      "/usr/src/app/app/models/programming_language.rb": [
        null,
        null,
        null,
        1,
        null,
        null,
        1,
        null,
        1,
        null
      ],
      "/usr/src/app/spec/factories/reading_profs.rb": [
        null,
        null,
        1,
        1,
        81,
        null,
        null,
        1,
        1,
        null,
        null,
        1,
        1,
        null,
        null,
        1,
        1,
        null,
        null
      ],
      "/usr/src/app/app/models/reading_prof.rb": [
        null,
        null,
        null,
        1,
        null,
        null,
        1,
        null
      ],
      "/usr/src/app/spec/factories/registration_states.rb": [
        null,
        null,
        1,
        1,
        80,
        80,
        null,
        null
      ],
      "/usr/src/app/spec/factories/report_states.rb": [
        null,
        null,
        1,
        1,
        79,
        79,
        null,
        null
      ],
      "/usr/src/app/spec/factories/semesters.rb": [
        null,
        null,
        1,
        1,
        178,
        null,
        1,
        6,
        null,
        1,
        2,
        null,
        1,
        4,
        null,
        1,
        3,
        null,
        null
      ],
      "/usr/src/app/app/models/semester.rb": [
        null,
        null,
        1,
        null,
        null,
        1,
        1,
        null,
        1,
        1,
        null,
        632,
        null,
        1,
        54,
        null,
        null,
        1,
        106,
        106,
        106,
        106,
        null,
        91,
        null,
        null,
        1,
        33,
        null,
        null,
        1,
        1,
        null,
        null,
        1,
        34,
        null,
        null,
        1,
        312,
        312,
        null,
        null,
        1,
        34,
        null,
        null,
        1,
        34,
        null,
        null
      ],
      "/usr/src/app/app/models/semester_helper.rb": [
        null,
        null,
        null,
        1,
        1,
        1,
        1,
        1,
        null,
        1,
        242,
        139,
        null,
        103,
        null,
        null,
        null,
        1,
        106,
        106,
        null,
        102,
        null,
        39,
        null,
        null,
        1,
        131,
        null,
        null,
        1,
        97,
        97,
        97,
        97,
        null,
        null,
        1,
        215,
        215,
        null,
        215,
        215,
        215,
        null,
        215,
        null,
        null,
        1,
        97,
        97,
        null,
        null,
        1,
        131,
        131,
        null,
        null
      ],
      "/usr/src/app/spec/factories/students.rb": [
        null,
        null,
        1,
        1,
        264,
        264,
        261,
        264,
        264,
        264,
        null,
        1,
        263,
        null,
        null,
        null,
        1,
        8,
        8,
        8,
        8,
        8,
        8,
        null,
        1,
        7,
        null,
        null,
        null,
        1,
        2,
        2,
        2,
        2,
        2,
        1,
        null,
        1,
        1,
        null,
        null,
        null
      ],
      "/usr/src/app/app/models/student.rb": [
        null,
        null,
        null,
        1,
        null,
        null,
        null,
        1,
        null,
        1,
        20,
        null,
        null,
        null,
        null,
        null,
        1,
        1,
        1,
        null,
        1,
        null,
        null,
        1,
        2,
        null,
        null,
        1,
        50,
        null,
        null,
        null,
        1,
        81,
        81,
        null,
        null,
        1,
        11,
        null,
        8,
        8,
        8,
        null,
        null,
        8,
        8,
        8,
        null,
        null,
        1,
        1,
        null,
        1,
        1,
        null,
        null,
        1,
        36,
        null,
        null,
        null
      ],
      "/usr/src/app/spec/factories/user_prof.rb": [
        null,
        null,
        null,
        1,
        1,
        10,
        10,
        10,
        10,
        10,
        10,
        null,
        null
      ],
      "/usr/src/app/spec/factories/user_student.rb": [
        null,
        null,
        null,
        1,
        1,
        10,
        10,
        10,
        10,
        10,
        10,
        1,
        9,
        null,
        null,
        null,
        1,
        1,
        1,
        1,
        1,
        1,
        1,
        1,
        0,
        0,
        null,
        null,
        null,
        null,
        null,
        null,
        null,
        null,
        1,
        1,
        2,
        2,
        2,
        2,
        2,
        2,
        1,
        1,
        null,
        null,
        null,
        1,
        2,
        2,
        2,
        2,
        2,
        2,
        1,
        1,
        1,
        null,
        null,
        null,
        null,
        null,
        null
      ],
      "/usr/src/app/spec/factories/users.rb": [
        null,
        null,
        null,
        1,
        1,
        325,
        null,
        null,
        1,
        1,
        263,
        263,
        263,
        263,
        1,
        262,
        null,
        null,
        null,
        1,
        1,
        2,
        2,
        2,
        2,
        1,
        1,
        null,
        null,
        null,
        null,
        null,
        1,
        1,
        5,
        5,
        5,
        5,
        null,
        null,
        1,
        4,
        4,
        4,
        4,
        4,
        4,
        null,
        null
      ],
      "/usr/src/app/config/routes.rb": [
        null,
        null,
        1,
        1,
        1,
        1,
        1,
        null,
        null,
        null,
        1,
        1,
        null,
        1,
        null,
        1,
        1,
        1,
        1,
        1,
        1,
        1,
        1,
        1,
        null,
        1,
        1,
        1,
        1,
        null,
        1,
        1,
        null,
        null,
        1,
        null,
        null,
        1,
        null,
        null,
        1,
        1,
        null,
        null,
        1,
        1,
        1,
        1,
        null,
        1,
        null,
        null
      ],
      "/usr/src/app/app/controllers/application_controller.rb": [
        null,
        null,
        null,
        1,
        1,
        1,
        1,
        1,
        null,
        1,
        135,
        null,
        null,
        1,
        115,
        null,
        null,
        1,
        117,
        117,
        null,
        null,
        1,
        401,
        null,
        null,
        null,
        null,
        1,
        391,
        null,
        null,
        1,
        21,
        0,
        null,
        null,
        null,
        1,
        null,
        1,
        25,
        0,
        null,
        null,
        null,
        1,
        null,
        null,
        1,
        4,
        0,
        null,
        null,
        null,
        1,
        null,
        1,
        0,
        null,
        null,
        1,
        null,
        null,
        null,
        null,
        null,
        null,
        1,
        20,
        null,
        null
      ],
      "/usr/src/app/app/helpers/application_helper.rb": [
        null,
        null,
        null,
        1,
        1,
        14,
        3,
        null,
        11,
        null,
        null,
        null,
        1,
        0,
        null,
        null,
        1,
        61,
        1,
        1,
        1,
        1,
        null,
        null,
        null,
        1,
        1,
        null,
        null,
        1,
        189,
        null,
        null,
        null,
        378,
        40,
        null,
        338,
        null,
        null,
        378,
        null,
        null,
        null,
        null,
        null,
        1,
        112,
        null,
        null,
        1,
        112,
        112,
        64,
        null,
        112,
        null,
        null,
        1,
        0,
        0,
        0,
        null,
        0,
        null,
        null
      ],
      "/usr/src/app/app/helpers/active_admin_helper.rb": [
        null,
        null,
        null,
        null,
        null,
        1,
        1,
        32,
        10,
        10,
        null,
        null,
        null,
        32,
        null,
        null,
        1,
        9,
        null,
        null,
        1,
        20,
        null,
        null,
        null,
        null,
        null,
        null,
        null,
        1,
        1,
        null,
        null,
        1,
        1,
        null,
        1,
        null,
        null,
        1,
        1,
        null,
        null,
        null,
        null
      ],
      "/usr/src/app/app/helpers/company_addresses_helper.rb": [
        null,
        null,
        null,
        1,
        1,
        6,
        6,
        6,
        6,
        6,
        null,
        null,
        1,
        0,
        null,
        null,
        null,
        null,
        null,
        null,
        null,
        1,
        0,
        null,
        null,
        null,
        null,
        null,
        null,
        null,
        1,
        0,
        0,
        null,
        null,
        null,
        null,
        null,
        null
      ],
      "/usr/src/app/app/helpers/complete_internship_data_helper.rb": [
        null,
        null,
        null,
        1,
        1,
        null,
        null,
        null,
        null,
        null,
        null,
        null,
        null,
        null,
        1,
        1,
        null,
        1,
        1,
        null,
        null,
        1,
        3,
        27,
        27,
        null,
        null,
        null,
        1,
        0,
        null,
        null,
        null,
        1,
        14,
        14,
        0,
        0,
        0,
        null,
        14,
        14,
        14,
        null,
        null,
        null,
        1,
        14,
        14,
        14,
        0,
        0,
        null,
        14,
        14,
        null,
        null,
        null,
        1,
        14,
        14,
        14,
        14,
        14,
        null,
        null,
        1,
        14,
        14,
        14,
        12,
        null,
        2,
        2,
        2,
        null,
        null,
        null,
        1,
        2,
        2,
        null,
        1,
        null,
        null,
        1,
        2,
        2,
        null,
        1,
        null,
        null,
        1,
        2,
        2,
        null,
        1,
        null,
        null,
        null,
        1,
        14,
        14,
        14,
        14,
        14,
        null,
        null,
        1,
        1,
        1,
        1,
        1,
        null,
        null,
        null,
        null
      ],
      "/usr/src/app/app/helpers/complete_internships_helper.rb": [
        null,
        null,
        null,
        1,
        1,
        62,
        null,
        null,
        1,
        36,
        36,
        null,
        0,
        null,
        null,
        null,
        1,
        35,
        0,
        null,
        35,
        null,
        null,
        null
      ],
      "/usr/src/app/app/helpers/maps_helper.rb": [
        null,
        null,
        null,
        1,
        1,
        53,
        55,
        55,
        53,
        null,
        null,
        1,
        53,
        55,
        53,
        2,
        null,
        53,
        53,
        null,
        null
      ],
      "/usr/src/app/app/helpers/students_helper.rb": [
        null,
        null,
        null,
        1,
        1,
        11,
        11,
        null,
        null
      ],
      "/usr/src/app/app/admin/complete_internships.rb": [
        null,
        null,
        1,
        1,
        1,
        1,
        1,
        null,
        1,
        6,
        6,
        6,
        null,
        6,
        6,
        null,
        6,
        6,
        6,
        6,
        6,
        null,
        6,
        30,
        null,
        6,
        null,
        null,
        1,
        3,
        null,
        3,
        3,
        null,
        null,
        null,
        2,
        3,
        null,
        3,
        null,
        null,
        null,
        2,
        3,
        3,
        9,
        null,
        3,
        null,
        null,
        null
      ],
      "/usr/src/app/app/controllers/complete_internships_controller.rb": [
        null,
        null,
        null,
        null,
        null,
        1,
        1,
        1,
        null,
        null,
        1,
        1,
        1,
        null,
        1,
        1,
        1,
        1,
        1,
        null,
        null,
        1,
        null,
        1,
        18,
        null,
        null,
        1,
        null,
        1,
        19,
        19,
        19,
        19,
        19,
        null,
        null,
        null,
        0,
        null,
        null,
        null,
        null,
        1,
        2,
        2,
        2,
        2,
        null,
        null,
        null,
        0,
        null,
        null,
        null,
        null,
        null,
        1,
        2,
        2,
        2,
        2,
        null,
        null,
        2,
        null,
        null,
        null,
        1,
        57,
        null,
        null,
        null,
        null,
        1,
        18,
        0,
        null,
        18,
        null,
        null,
        18,
        17,
        null,
        1,
        null,
        null,
        null,
        1,
        null,
        null,
        1,
        41,
        null,
        41,
        41,
        null,
        null,
        1,
        55,
        35,
        null,
        20,
        null,
        null,
        null,
        1,
        37,
        null,
        null,
        1,
        41,
        null,
        null,
        null,
        null,
        null,
        null,
        1,
        19,
        19,
        19,
        19,
        19,
        19,
        null,
        null
      ],
      "/usr/src/app/app/controllers/application_resource_controller.rb": [
        null,
        null,
        null,
        null,
        null,
        1,
        null,
        1,
        null
      ],
      "/usr/src/app/app/admin/orientations.rb": [
        null,
        null,
        1,
        1,
        1,
        1,
        null,
        1,
        0,
        0,
        0,
        null,
        0,
        null,
        null,
        1,
        0,
        0,
        0,
        null,
        0,
        0,
        null,
        0,
        null,
        null,
        null
      ],
      "/usr/src/app/app/models/orientation.rb": [
        null,
        null,
        null,
        1,
        null,
        null,
        1,
        null,
        1,
        null
      ],
      "/usr/src/app/app/admin/students.rb": [
        null,
        null,
        1,
        1,
        1,
        1,
        null,
        8,
        null,
        1,
        1,
        1,
        null,
        1,
        6,
        9,
        null,
        6,
        9,
        null,
        6,
        6,
        6,
        6,
        6,
        6,
        null,
        null,
        1,
        3,
        3,
        3,
        3,
        3,
        3,
        null,
        null,
        null,
        null,
        3,
        null,
        3,
        null,
        null,
        1,
        8,
        8,
        8,
        8,
        8,
        8,
        8,
        null,
        8,
        8,
        null,
        null,
        8,
        null,
        null
      ],
      "/usr/src/app/app/controllers/students_controller.rb": [
        null,
        null,
        null,
        1,
        1,
        1,
        1,
        1,
        2,
        null,
        null,
        null,
        null,
        null,
        null,
        null,
        null,
        null,
        1,
        4,
        4,
        null,
        4,
        null,
        null,
        1,
        1,
        1,
        1,
        1,
        null,
        null,
        1,
        null,
        1,
        null,
        5,
        null,
        null,
        1,
        1,
        null,
        null,
        null,
        1,
        4,
        0,
        0,
        0,
        null,
        4,
        4,
        4,
        null,
        null,
        null
      ],
      "/usr/src/app/app/admin/company_addresses.rb": [
        null,
        null,
        1,
        1,
        1,
        1,
        1,
        null
      ],
      "/usr/src/app/app/controllers/company_addresses_controller.rb": [
        null,
        null,
        null,
        1,
        1,
        1,
        null,
        1,
        0,
        null,
        null,
        1,
        0,
        0,
        null,
        null,
        1,
        0,
        null,
        null,
        1,
        0,
        0,
        0,
        null,
        null,
        1,
        null,
        1,
        0,
        null,
        null,
        null,
        1,
        0,
        0,
        0,
        0,
        null,
        0,
        null,
        null,
        null,
        null,
        1,
        null,
        0,
        0,
        null,
        0,
        null,
        null,
        null,
        null,
        1,
        0,
        0,
        0,
        null,
        null,
        0,
        null,
        null,
        null,
        0,
        null,
        null,
        null,
        1,
        0,
        0,
        null,
        null,
        null,
        1,
        0,
        null,
        null,
        null,
        1,
        1,
        null,
        null,
        1,
        0,
        0,
        0,
        0,
        0,
        null,
        null,
        null,
        null,
        0,
        0,
        0,
        null,
        0,
        null,
        null,
        null,
        null,
        1,
        null,
        null,
        1,
        0,
        null,
        null,
        null,
        null,
        null
      ],
      "/usr/src/app/app/admin/companies.rb": [
        null,
        null,
        1,
        1,
        1,
        1,
        null,
        2,
        null,
        1,
        null,
        1,
        0,
        0,
        null,
        0,
        0,
        null,
        0,
        null,
        null,
        1,
        3,
        3,
        21,
        null,
        3,
        3,
        3,
        null,
        null,
        null,
        3,
        3,
        null,
        null,
        null,
        null
      ],
      "/usr/src/app/app/controllers/companies_controller.rb": [
        null,
        null,
        null,
        1,
        1,
        1,
        1,
        null,
        1,
        3,
        null,
        3,
        3,
        3,
        null,
        null,
        null,
        1,
        4,
        4,
        4,
        null,
        null,
        null,
        1,
        2,
        2,
        0,
        null,
        null,
        null,
        null,
        2,
        2,
        null,
        null,
        null,
        1,
        2,
        2,
        null,
        0,
        null,
        null,
        null,
        null,
        null,
        1,
        null,
        3,
        3,
        null,
        null,
        null,
        null,
        1,
        1,
        null,
        null,
        null,
        null,
        null,
        4,
        null,
        null,
        null,
        null,
        1,
        null,
        4,
        4,
        2,
        2,
        0,
        null,
        null,
        null,
        null,
        2,
        null,
        null,
        null,
        null,
        4,
        null,
        null,
        null,
        null,
        1,
        1,
        null,
        1,
        2,
        1,
        null,
        null,
        null,
        1,
        11,
        null,
        null,
        null,
        1,
        7,
        null,
        null,
        1,
        6,
        6,
        null,
        null,
        1,
        null,
        1,
        11,
        null,
        null,
        1,
        2,
        null,
        null,
        1,
        3,
        null,
        null,
        1,
        null
      ],
      "/usr/src/app/app/admin/dashboard.rb": [
        null,
        null,
        1,
        104,
        null,
        31,
        15,
        15,
        15,
        null,
        null,
        null,
        null,
        15,
        15,
        15,
        15,
        15,
        8,
        null,
        null,
        null,
        null,
        null,
        null,
        null,
        null,
        null,
        null,
        15,
        15,
        15,
        15,
        15,
        null,
        null,
        null,
        null,
        null,
        null,
        null,
        null
      ],
      "/usr/src/app/app/admin/internships/internships_show.rb": [
        null,
        null,
        1,
        1,
        12,
        12,
        12,
        null,
        12,
        12,
        12,
        12,
        null,
        24,
        12,
        12,
        null,
        12,
        12,
        12,
        12,
        12,
        12,
        12,
        null,
        12,
        12,
        12,
        12,
        12,
        12,
        12,
        12,
        12,
        12,
        12,
        12,
        12,
        12,
        null,
        12,
        null,
        null
      ],
      "/usr/src/app/app/admin/internships/internships.rb": [
        null,
        null,
        1,
        1,
        1,
        1,
        null,
        11,
        null,
        1,
        1,
        1,
        null,
        1,
        null,
        null,
        null,
        1,
        15,
        null,
        7,
        8,
        null,
        7,
        8,
        8,
        null,
        null,
        null,
        null,
        null,
        7,
        7,
        7,
        7,
        7,
        7,
        7,
        7,
        7,
        7,
        7,
        null,
        null
      ],
      "/usr/src/app/app/controllers/internships_controller.rb": [
        null,
        null,
        null,
        1,
        1,
        1,
        1,
        1,
        1,
        null,
        1,
        null,
        null,
        null,
        1,
        1,
        null,
        1,
        13,
        13,
        null,
        13,
        13,
        null,
        13,
        13,
        9,
        null,
        13,
        13,
        117,
        null,
        13,
        13,
        13,
        1,
        null,
        null,
        null,
        null,
        13,
        null,
        null,
        null,
        1,
        null,
        null,
        null,
        null,
        null,
        15,
        null,
        15,
        15,
        15,
        15,
        15,
        null,
        null,
        1,
        15,
        null,
        15,
        null,
        15,
        15,
        null,
        15,
        15,
        15,
        15,
        null,
        null,
        null,
        0,
        null,
        null,
        null,
        null,
        null,
        1,
        0,
        null,
        0,
        0,
        0,
        0,
        0,
        null,
        null,
        null,
        null,
        1,
        0,
        null,
        0,
        null,
        null,
        null,
        null,
        0,
        0,
        0,
        0,
        0,
        0,
        null,
        null,
        null,
        null,
        null,
        null,
        1,
        null,
        null,
        1,
        4,
        null,
        4,
        null,
        null,
        null,
        4,
        null,
        null,
        null,
        null,
        1,
        2,
        2,
        null,
        null,
        null,
        2,
        2,
        2,
        2,
        null,
        null,
        0,
        0,
        null,
        null,
        null,
        null,
        null,
        1,
        0,
        null,
        0,
        0,
        0,
        null,
        null,
        null,
        null,
        null,
        1,
        0,
        0,
        null,
        0,
        null,
        null,
        0,
        0,
        null,
        0,
        null,
        null,
        null,
        1,
        18,
        18,
        18,
        18,
        18,
        18,
        18,
        18,
        18,
        null,
        18,
        18,
        null,
        null,
        1,
        1,
        1,
        null,
        null,
        null,
        null,
        null,
        null,
        null,
        null,
        1,
        1,
        1,
        null,
        null,
        null,
        null,
        1,
        null,
        null,
        null,
        1,
        null,
        null,
        null,
        null,
        null,
        null,
        null,
        null,
        1,
        null,
        null,
        null,
        null,
        1,
        null,
        1,
        6,
        null,
        null,
        1,
        17,
        null,
        null,
        null,
        null,
        1,
        34,
        null,
        null
      ],
      "/usr/src/app/app/admin/internships/internships_form.rb": [
        null,
        null,
        1,
        1,
        6,
        6,
        null,
        null,
        null,
        5,
        null,
        null,
        6,
        null,
        6,
        6,
        null,
        null,
        null,
        null,
        null,
        null,
        null,
        12,
        null,
        null,
        null,
        null,
        null,
        null,
        null,
        6,
        6,
        null,
        null,
        null,
        null,
        6,
        null,
        null,
        null,
        null,
        6,
        6,
        6,
        6,
        6,
        6,
        6,
        null,
        6,
        6,
        null,
        null,
        null,
        10,
        6,
        null,
        null,
        null,
        3,
        6,
        null,
        null,
        null,
        3,
        6,
        null,
        null,
        null,
        3,
        6,
        null,
        null,
        null,
        3,
        6,
        null,
        null,
        null,
        3,
        6,
        null,
        null,
        null,
        3,
        6,
        6,
        6,
        6,
        null,
        null,
        3,
        6,
        6,
        null,
        null,
        null
      ],
      "/usr/src/app/app/admin/programming_languages.rb": [
        null,
        null,
        1,
        1,
        1,
        1,
        1,
        null,
        1,
        0,
        0,
        0,
        null,
        0,
        null,
        null,
        1,
        0,
        0,
        0,
        null,
        0,
        0,
        null,
        null,
        0,
        null,
        null
      ],
      "/usr/src/app/app/admin/semesters.rb": [
        null,
        null,
        1,
        1,
        1,
        1,
        null,
        1,
        1,
        1,
        5,
        null,
        1,
        null,
        null,
        1,
        1,
        1,
        1,
        1,
        1,
        1,
        null,
        1,
        1,
        null,
        null,
        1,
        null,
        null,
        1,
        1,
        0,
        null,
        null,
        null
      ],
      "/usr/src/app/app/admin/users.rb": [
        null,
        null,
        1,
        1,
        1,
        null,
        1,
        1,
        1,
        null,
        1,
        1,
        null,
        1,
        null,
        null,
        null,
        1,
        2,
        2,
        2,
        2,
        2,
        2,
        2,
        2,
        null,
        null,
        1,
        3,
        3,
        15,
        null,
        null,
        3,
        3,
        6,
        null,
        null,
        3,
        null,
        null
      ],
      "/usr/src/app/app/admin/reading_profs.rb": [
        null,
        null,
        1,
        1,
        1,
        1,
        null,
        1,
        0,
        0,
        0,
        null,
        0,
        null,
        null,
        1,
        0,
        0,
        0,
        null,
        0,
        0,
        null,
        null,
        0,
        null,
        null
      ],
      "/usr/src/app/app/admin/internship_offers.rb": [
        null,
        null,
        1,
        1,
        1,
        null
      ],
      "/usr/src/app/app/controllers/internship_offers_controller.rb": [
        null,
        null,
        null,
        1,
        1,
        10,
        null,
        null,
        1,
        3,
        null,
        null,
        null,
        1,
        0,
        null,
        null,
        1,
        0,
        null,
        null,
        1,
        0,
        null,
        0,
        0,
        0,
        null,
        null,
        null,
        0,
        null,
        null,
        null,
        null,
        null,
        null,
        1,
        0,
        null,
        null,
        1,
        1,
        null,
        null
      ],
      "/usr/src/app/spec/geocoder_mock.rb": [
        null,
        null,
        1,
        1,
        null,
        null,
        null,
        null,
        null,
        null,
        null,
        null,
        null,
        null,
        null,
        null,
        1,
        null,
        null,
        null,
        null,
        null,
        null,
        null,
        null,
        null,
        null,
        null,
        null,
        null,
        null,
        null,
        1,
        null,
        null,
        null,
        null,
        null,
        null,
        null,
        null,
        null,
        1,
        null,
        null,
        1,
        null,
        null,
        null,
        1,
        null,
        null,
        null,
        null,
        null,
        null,
        null,
        null,
        null,
        null,
        null,
        null,
        null,
        null,
        1,
        null,
        null,
        null,
        null,
        null,
        null,
        null,
        null,
        null,
        null,
        null,
        null,
        null,
        null,
        1,
        null,
        null,
        null,
        null,
        null,
        null,
        null,
        null,
        null,
        null,
        null,
        null,
        null,
        null,
        null
      ],
      "/usr/src/app/spec/controllers/companies_controller_spec.rb": [
        null,
        null,
        1,
        null,
        1,
        1,
        null,
        1,
        19,
        null,
        null,
        1,
        1,
        3,
        3,
        null,
        null,
        1,
        1,
        1,
        null,
        null,
        1,
        1,
        1,
        1,
        null,
        null,
        1,
        1,
        1,
        null,
        null,
        null,
        1,
        1,
        4,
        4,
        null,
        null,
        1,
        1,
        1,
        null,
        null,
        1,
        1,
        1,
        null,
        null,
        1,
        1,
        1,
        null,
        null,
        1,
        1,
        1,
        1,
        null,
        null,
        null,
        1,
        1,
        1,
        1,
        null,
        null,
        1,
        1,
        1,
        null,
        null,
        null,
        1,
        1,
        2,
        null,
        null,
        1,
        1,
        1,
        null,
        null,
        1,
        1,
        1,
        null,
        null,
        null,
        1,
        1,
        1,
        1,
        1,
        null,
        null,
        null,
        null,
        null,
        null,
        null,
        null,
        null,
        null,
        null,
        null,
        1,
        1,
        1,
        1,
        null,
        null,
        null,
        1,
        1,
        1,
        null,
        null,
        null,
        null,
        1,
        1,
        4,
        null,
        null,
        1,
        1,
        1,
        null,
        null,
        1,
        1,
        null,
        null,
        1,
        1,
        null,
        null,
        1,
        null,
        null,
        null,
        1,
        1,
        1,
        null,
        null,
        1,
        1,
        null,
        null,
        1,
        1,
        null,
        null,
        1,
        null,
        null,
        null,
        null,
        1,
        1,
        1,
        null,
        null,
        1,
        1,
        1,
        null,
        null,
        null,
        null
      ],
      "/usr/src/app/spec/controllers/complete_internships_controller_spec.rb": [
        null,
        null,
        1,
        null,
        null,
        null,
        null,
        null,
        null,
        null,
        null,
        null,
        null,
        null,
        null,
        null,
        null,
        null,
        null,
        null,
        null,
        null,
        null,
        null,
        null,
        null,
        null,
        1,
        1,
        null,
        1,
        10,
        null,
        null,
        null,
        null,
        null,
        11,
        8,
        null,
        1,
        1,
        1,
        1,
        1,
        null,
        null,
        null,
        1,
        1,
        1,
        1,
        null,
        1,
        null,
        null,
        null,
        1,
        1,
        1,
        null,
        null,
        1,
        null,
        null,
        null,
        1,
        1,
        1,
        1,
        null,
        null,
        1,
        null,
        null,
        null,
        1,
        1,
        1,
        1,
        1,
        null,
        null,
        null,
        null,
        null,
        null,
        1,
        1,
        null,
        null,
        null,
        1,
        null,
        null,
        null,
        null,
        1,
        1,
        1,
        1,
        1,
        1,
        null,
        null,
        1,
        1,
        1,
        null,
        null,
        null,
        1,
        1,
        null,
        null,
        1,
        1,
        1,
        null,
        null,
        null,
        1,
        null,
        null,
        null,
        null,
        null,
        null,
        null,
        null,
        null,
        null,
        null,
        null,
        null,
        null,
        null,
        null,
        1,
        1,
        1,
        1,
        1,
        null,
        null,
        null,
        null,
        null,
        1,
        1,
        1,
        null,
        null,
        1,
        null,
        null,
        null
      ],
      "/usr/src/app/spec/controllers/internship_offer_controller_spec.rb": [
        null,
        null,
        1,
        null,
        1,
        1,
        null,
        1,
        4,
        4,
        null,
        null,
        1,
        1,
        1,
        1,
        null,
        null,
        1,
        1,
        1,
        null,
        null,
        null,
        1,
        1,
        1,
        1,
        null,
        null,
        1,
        1,
        1,
        null,
        null,
        null
      ],
      "/usr/src/app/spec/controllers/internships_controller_spec.rb": [
        null,
        null,
        1,
        null,
        1,
        1,
        1,
        1,
        null,
        1,
        4,
        null,
        null,
        1,
        1,
        1,
        1,
        1,
        null,
        null,
        1,
        1,
        3,
        3,
        null,
        null,
        3,
        null,
        null,
        1,
        1,
        null,
        null,
        1,
        1,
        null,
        null,
        null,
        1,
        1,
        null,
        null,
        null,
        null
      ],
      "/usr/src/app/spec/controllers/maps_controller_spec.rb": [
        null,
        null,
        1,
        null,
        1,
        1,
        1,
        1,
        1,
        1,
        1,
        null,
        null,
        1,
        1,
        null,
        1,
        null,
        1,
        null,
        null,
        null,
        null,
        null,
        null,
        null,
        null,
        null,
        null,
        null,
        null
      ],
      "/usr/src/app/app/controllers/maps_controller.rb": [
        null,
        null,
        null,
        1,
        1,
        1,
        1,
        null,
        1,
        19,
        19,
        19,
        null,
        19,
        19,
        null,
        null,
        1,
        33,
        33,
        33,
        null,
        33,
        null,
        null,
        null,
        null,
        33,
        null,
        null
      ],
      "/usr/src/app/spec/controllers/notifications_controller_spec.rb": [
        null,
        null,
        1,
        null,
        1,
        1,
        null,
        1,
        6,
        6,
        null,
        null,
        1,
        1,
        1,
        1,
        null,
        null,
        1,
        1,
        1,
        null,
        null,
        null,
        1,
        1,
        1,
        null,
        null,
        null,
        1,
        1,
        1,
        1,
        null,
        null,
        1,
        1,
        1,
        null,
        null,
        null,
        1,
        1,
        1,
        null,
        null,
        null
      ],
      "/usr/src/app/app/controllers/notifications_controller.rb": [
        null,
        null,
        null,
        1,
        1,
        3,
        3,
        3,
        3,
        null,
        null,
        1,
        3,
        3,
        3,
        3,
        null,
        null
      ],
      "/usr/src/app/spec/controllers/users_controller_spec.rb": [
        null,
        null,
        1,
        null,
        1,
        1,
        null,
        1,
        3,
        null,
        null,
        1,
        1,
        1,
        1,
        null,
        null,
        1,
        1,
        1,
        null,
        null,
        1,
        1,
        1,
        null,
        null,
        null
      ],
      "/usr/src/app/app/controllers/users_controller.rb": [
        null,
        null,
        null,
        1,
        1,
        1,
        null,
        1,
        0,
        0,
        null,
        null,
        1,
        3,
        null,
        3,
        0,
        0,
        0,
        null,
        3,
        3,
        3,
        null,
        null,
        null,
        1,
        null,
        1,
        0,
        null,
        null,
        1,
        0,
        null,
        0,
        0,
        null,
        0,
        null,
        null,
        null,
        null,
        1,
        0,
        null,
        null
      ],
      "/usr/src/app/spec/controllers/views/internships/show.html.erb_spec.rb": [
        null,
        null,
        1,
        null,
        null,
        null,
        null,
        null,
        null,
        null,
        null,
        null,
        null,
        null,
        null,
        null,
        null,
        null,
        null,
        null,
        null,
        null,
        null,
        null,
        null,
        null,
        null,
        null,
        null,
        null,
        null,
        null,
        null,
        null
      ],
      "/usr/src/app/spec/controllers/views/welcome/help.html.erb_spec.rb": [
        null,
        null,
        1,
        null,
        null,
        null,
        1,
        1,
        1,
        1,
        null,
        null
      ],
      "/usr/src/app/spec/controllers/welcome_controller_spec.rb": [
        null,
        null,
        1,
        null,
        1,
        1,
        1,
        1,
        null,
        null,
        1,
        1,
        1,
        1,
        1,
        null,
        null,
        null
      ],
      "/usr/src/app/app/controllers/welcome_controller.rb": [
        null,
        null,
        null,
        null,
        1,
        1,
        null,
        1,
        null
      ],
      "/usr/src/app/spec/features/admin/01_dashboard/dashboard_spec.rb": [
        null,
        null,
        1,
        null,
        1,
        1,
        2,
        2,
        2,
        2,
        null,
        1,
        1,
        1,
        1,
        1,
        null,
        1,
        1,
        1,
        1,
        1,
        null,
        null
      ],
      "/usr/src/app/spec/features/admin/02_complete_internship/01_dashboard_spec.rb": [
        null,
        null,
        1,
        1,
        null,
        1,
        1,
        1,
        2,
        2,
        2,
        null,
        1,
        1,
        1,
        null,
        null,
        1,
        1,
        1,
        1,
        1,
        null,
        null,
        null,
        null
      ],
      "/usr/src/app/spec/features/admin/helpers/active_admin_spec_helpers.rb": [
        null,
        null,
        1,
        1,
        1,
        null,
        1,
        2,
        null
      ],
      "/usr/src/app/spec/features/admin/02_complete_internship/02_index_spec.rb": [
        null,
        null,
        1,
        1,
        null,
        1,
        1,
        3,
        3,
        3,
        3,
        null,
        1,
        1,
        1,
        null,
        1,
        1,
        1,
        4,
        null,
        null,
        null,
        null,
        null,
        1,
        1,
        1,
        null,
        null
      ],
      "/usr/src/app/spec/features/admin/02_complete_internship/03_index_links_spec.rb": [
        null,
        null,
        1,
        1,
        null,
        1,
        1,
        2,
        2,
        2,
        null,
        null,
        1,
        1,
        1,
        1,
        null,
        null,
        null,
        null,
        1,
        1,
        1,
        1,
        null,
        null,
        null,
        null,
        null
      ],
      "/usr/src/app/spec/features/admin/02_complete_internship/04_show_spec.rb": [
        null,
        null,
        1,
        1,
        null,
        1,
        1,
        1,
        1,
        1,
        1,
        null,
        1,
        1,
        1,
        1,
        null,
        1,
        1,
        1,
        null,
        null,
        null
      ],
      "/usr/src/app/spec/features/admin/02_complete_internship/07_create_spec.rb": [
        null,
        null,
        1,
        1,
        null,
        1,
        1,
        3,
        3,
        3,
        null,
        null,
        1,
[...]
        null,
        null,
        null,
        null,
        null,
        1,
        1,
        1,
        1,
        null,
        1,
        1,
        1,
        1,
        1,
        1,
        1,
        1,
        null,
        null,
        null,
        null,
        null
      ],
      "/usr/src/app/spec/features/user_student_association/internship_creation_spec.rb": [
        null,
        null,
        1,
        null,
        1,
        1,
        0,
        0,
        0,
        null,
        null
      ],
      "/usr/src/app/spec/features/user_student_association/user_student_association_spec.rb": [
        null,
        null,
        1,
        null,
        1,
        1,
        8,
        null,
        null,
        1,
        1,
        1,
        1,
        2,
        null,
        null,
        1,
        1,
        1,
        1,
        1,
        1,
        null,
        1,
        null,
        1,
        1,
        1,
        1,
        2,
        1,
        1,
        1,
        null,
        1,
        null,
        null,
        null,
        1,
        1,
        2,
        2,
        2,
        2,
        null,
        1,
        1,
        1,
        2,
        null,
        1,
        1,
        1,
        2,
        null,
        null,
        null,
        1,
        1,
        3,
        3,
        3,
        null,
        1,
        1,
        1,
        2,
        null,
        null,
        1,
        1,
        1,
        2,
        null,
        1,
        1,
        1,
        1,
        null,
        null,
        null,
        null,
        1,
        1,
        2,
        null,
        null,
        1,
        1,
        1,
        2,
        2,
        2,
        null,
        null,
        null,
        1,
        1,
        1,
        null,
        1,
        1,
        2,
        2,
        2,
        null,
        null,
        null
      ],
      "/usr/src/app/spec/helpers/application_helper_spec.rb": [
        null,
        null,
        1,
        null,
        null,
        null,
        null,
        null,
        null,
        null,
        null,
        null,
        null,
        1,
        1,
        1,
        1,
        1,
        1,
        1,
        null,
        null,
        null,
        1,
        1,
        1,
        null,
        null,
        null
      ],
      "/usr/src/app/spec/helpers/complete_internship_data_helper_spec.rb": [
        null,
        null,
        1,
        null,
        1,
        1,
        1,
        1,
        null,
        1,
        1,
        1,
        null,
        1,
        null,
        null,
        null,
        null,
        1,
        1,
        1,
        null,
        1,
        1,
        1,
        null,
        1,
        null,
        null,
        null,
        null
      ],
      "/usr/src/app/spec/helpers/complete_internship_data_helper_waiting_spec.rb": [
        null,
        null,
        1,
        null,
        1,
        1,
        1,
        null,
        1,
        1,
        1,
        null,
        1,
        1,
        1,
        1,
        null,
        null,
        null
      ],
      "/usr/src/app/spec/helpers/maps_helper_spec.rb": [
        null,
        null,
        1,
        null,
        1,
        1,
        1,
        1,
        1,
        1,
        null,
        null
      ],
      "/usr/src/app/spec/mailers/internship_spec.rb": [
        null,
        null,
        1,
        null,
        1,
        1,
        3,
        3,
        3,
        null,
        1,
        1,
        1,
        null,
        null,
        null,
        1,
        1,
        null,
        null,
        1,
        1,
        null,
        null,
        null
      ],
      "/usr/src/app/spec/models/admin_user_spec.rb": [
        null,
        null,
        1,
        null,
        1,
        1,
        3,
        null,
        null,
        1,
        1,
        1,
        null,
        null,
        null,
        1,
        1,
        1,
        1,
        null,
        null,
        1,
        1,
        1,
        null,
        null,
        null,
        null,
        null,
        null,
        null,
        null,
        null,
        null
      ],
      "/usr/src/app/app/models/admin_user.rb": [
        null,
        null,
        null,
        1,
        1,
        null,
        null,
        null,
        null,
        1,
        1,
        1,
        null,
        null,
        null
      ],
      "/usr/src/app/spec/models/application_record_spec.rb": [
        null,
        null,
        1,
        null,
        1,
        null,
        1,
        1,
        1,
        null,
        null,
        null,
        1,
        1,
        null,
        null,
        null,
        1,
        1,
        null,
        null,
        null,
        null,
        1,
        1,
        1,
        null,
        null,
        null,
        null,
        null,
        null,
        null
      ],
      "/usr/src/app/spec/models/company_address_spec.rb": [
        null,
        null,
        1,
        null,
        1,
        1,
        1,
        1,
        null,
        1,
        1,
        1,
        null,
        null,
        null,
        null,
        null,
        null,
        null,
        null
      ],
      "/usr/src/app/spec/models/company_spec.rb": [
        null,
        null,
        1,
        null,
        1,
        1,
        5,
        5,
        null,
        null,
        1,
        1,
        1,
        null,
        null,
        null,
        1,
        1,
        1,
        1,
        null,
        null,
        null,
        1,
        1,
        1,
        1,
        1,
        1,
        null,
        1,
        1,
        null,
        null,
        null,
        null,
        1,
        1,
        1,
        1,
        1,
        1,
        1,
        null,
        null,
        null,
        1,
        1,
        1,
        1,
        1,
        null,
        null,
        null,
        null
      ],
      "/usr/src/app/spec/models/complete_internship_spec.rb": [
        null,
        null,
        1,
        null,
        1,
        1,
        1,
        null,
        null
      ],
      "/usr/src/app/spec/models/internship_duration_spec.rb": [
        null,
        null,
        1,
        null,
        1,
        1,
        null,
        1,
        1,
        null,
        1,
        null,
        null,
        null,
        1,
        1,
        null,
        null,
        null,
        1,
        null,
        1,
        null,
        null,
        null,
        1,
        1,
        null,
        null,
        null,
        null,
        1,
        null,
        null,
        1,
        null,
        null,
        null,
        null,
        null,
        null,
        null,
        null,
        null,
        null,
        null,
        null,
        null,
        null,
        null,
        null,
        null,
        null,
        null,
        null,
        null,
        null,
        null,
        null,
        null,
        null,
        null,
        null,
        null,
        null,
        null,
        null,
        null,
        null,
        null,
        null,
        null,
        null,
        null,
        null,
        null,
        null,
        null,
        null,
        null,
        null,
        null,
        null,
        null,
        null,
        1,
        11,
        11,
        22,
        null,
        11,
        11,
        null,
        11,
        11,
        null,
        null,
        null,
        null
      ],
      "/usr/src/app/app/models/internship_duration.rb": [
        null,
        null,
        null,
        null,
        1,
        1,
        null,
        1,
        40,
        28,
        28,
        28,
        28,
        28,
        null,
        12,
        12,
        null,
        null,
        null,
        1,
        null,
        28,
        0,
        28,
        16,
        12,
        8,
        null,
        4,
        null,
        null,
        null,
        1,
        null,
        1,
        28,
        7,
        21,
        0,
        21,
        2,
        null,
        19,
        null,
        null,
        null
      ],
      "/usr/src/app/spec/models/internship_notification_handler_spec.rb": [
        null,
        null,
        1,
        null,
        1,
        1,
        2,
        null,
        null,
        1,
        1,
        null,
        null,
        1,
        1,
        1,
        null,
        null,
        null
      ],
      "/usr/src/app/app/models/internship_notification_handler.rb": [
        null,
        null,
        null,
        1,
        1,
        null,
        1,
        2,
        2,
        2,
        null,
        null,
        1,
        1,
        1,
        null,
        null,
        1,
        null,
        1,
        1,
        1,
        1,
        null,
        null,
        null,
        1,
        1,
        null,
        1,
        null,
        null
      ],
      "/usr/src/app/spec/models/internship_rating_spec.rb": [
        null,
        null,
        1,
        null,
        1,
        3,
        2,
        2,
        null,
        1,
        1,
        1,
        null,
        null,
        1,
        1,
        null,
        null,
        1,
        1,
        null,
        null,
        null,
        1,
        1,
        1,
        1,
        null,
        2,
        null,
        2,
        null,
        2,
        null,
        2,
        null,
        null,
        null,
        1,
        1,
        1,
        null,
        2,
        null,
        2,
        null,
        2,
        null,
        2,
        null,
        null,
        null,
        null,
        1,
        1,
        1,
        null,
        null,
        null
      ],
      "/usr/src/app/app/models/internship_rating.rb": [
        null,
        null,
        null,
        1,
        null,
        null,
        null,
        1,
        null,
        1,
        null,
        null,
        null,
        1,
        10,
        10,
        null,
        10,
        null,
        null
      ],
      "/usr/src/app/spec/models/internship_spec.rb": [
        null,
        null,
        1,
        null,
        1,
        8,
        1,
        1,
        1,
        null,
        null,
        null,
        1,
        null,
        1,
        1,
        null,
        null,
        null,
        1,
        1,
        1,
        1,
        null,
        null,
        1,
        1,
        1,
        null,
        null,
        null,
        1,
        1,
        1,
        null,
        null,
        null,
        1,
        1,
        1,
        null,
        null,
        1,
        1,
        1,
        null,
        null,
        null
      ],
      "/usr/src/app/spec/models/ldap_authentication_spec.rb": [
        null,
        null,
        null,
        null,
        null,
        null,
        null,
        null,
        null,
        null,
        null,
        null,
        null
      ],
      "/usr/src/app/spec/models/registration_state_spec.rb": [
        null,
        null,
        1,
        null,
        1,
        2,
        null,
        1,
        1,
        1,
        null,
        null,
        null
      ],
      "/usr/src/app/app/models/registration_state.rb": [
        null,
        null,
        null,
        1,
        null,
        null,
        1,
        null
      ],
      "/usr/src/app/spec/models/semester/semester_create_update_spec.rb": [
        null,
        null,
        1,
        null,
        1,
        1,
        2,
        null,
        null,
        null,
        null,
        null,
        null,
        null,
        1,
        1,
        1,
        6,
        6,
        null,
        null,
        null,
        1,
        1,
        6,
        6,
        null,
        null,
        null,
        null
      ],
      "/usr/src/app/spec/models/semester/semester_for_date_spec.rb": [
        null,
        null,
        1,
        null,
        1,
        1,
        1,
        null,
        null,
        null,
        null,
        null,
        1,
        1,
        10,
        10,
        null,
        null,
        null
      ],
      "/usr/src/app/spec/models/semester/semester_order_spec.rb": [
        null,
        null,
        1,
        null,
        1,
        1,
        1,
        null,
        null,
        null,
        null,
        28,
        null,
        1,
        1,
        1,
        1,
        1,
        null,
        null
      ],
      "/usr/src/app/spec/models/semester/semester_spec.rb": [
        null,
        null,
        1,
        null,
        1,
        1,
        1,
        1,
        1,
        null,
        null,
        1,
        1,
        null,
        null
      ],
      "/usr/src/app/spec/models/student_spec.rb": [
        null,
        null,
        1,
        null,
        1,
        1,
        1,
        1,
        null,
        null,
        1,
        1,
        1,
        1,
        1,
        1,
        1,
        1,
        1,
        1,
        1,
        1,
        null,
        null
      ],
      "/usr/src/app/spec/models/user_roles_spec.rb": [
        null,
        null,
        1,
        null,
        1,
        1,
        1,
        null,
        1,
        1,
        2,
        null,
        1,
        1,
        null,
        null,
        1,
        null,
        null
      ],
      "/usr/src/app/spec/models/user_spec.rb": [
        null,
        null,
        1,
        null,
        1,
        9,
        null,
        1,
        1,
        1,
        null,
        null,
        null,
        1,
        1,
        1,
        1,
        null,
        null,
        1,
        1,
        1,
        null,
        null,
        1,
        1,
        1,
        null,
        null,
        null,
        1,
        1,
        1,
        null,
        null,
        null,
        null,
        1,
        1,
        1,
        1,
        1,
        null,
        1,
        1,
        1,
        1,
        null,
        1,
        1,
        null,
        null,
        null
      ],
      "/usr/src/app/spec/models/user_student_spec.rb": [
        null,
        null,
        1,
        null,
        1,
        1,
        1,
        4,
        null,
        1,
        4,
        null,
        null,
        1,
        1,
        1,
        null,
        null,
        1,
        1,
        null,
        null,
        null,
        1,
        1,
        1,
        null,
        null,
        1,
        1,
        null,
        null,
        null,
        1,
        1,
        1,
        null,
        null,
        1,
        1,
        null,
        null,
        null
      ],
      "/usr/src/app/spec/routing/company_addresses_routing_spec.rb": [
        null,
        null,
        1,
        null,
        1,
        1,
        1,
        1,
        null,
        null,
        null,
        1,
        1,
        null,
        null,
        null,
        1,
        1,
        null,
        null,
        null,
        1,
        1,
        null,
        null,
        null,
        1,
        1,
        null,
        null,
        null,
        1,
        1,
        null,
        null,
        null,
        1,
        1,
        null,
        null,
        null,
        1,
        1,
        null,
        null,
        null,
        null
      ],
      "/usr/src/app/spec/routing/complete_internships_routing_spec.rb": [
        null,
        null,
        1,
        null,
        1,
        1,
        1,
        1,
        null,
        null,
        null,
        1,
        1,
        null,
        null,
        null,
        1,
        1,
        null,
        null,
        null,
        1,
        1,
        null,
        null,
        null,
        1,
        1,
        null,
        null,
        null,
        1,
        1,
        null,
        null,
        null,
        1,
        1,
        null,
        null,
        null,
        1,
        1,
        null,
        null,
        null,
        null
      ],
      "/usr/src/app/spec/views/complete_internships/index.html.erb_spec.rb": [
        null,
        null,
        1,
        1,
        null,
        1,
        1,
        1,
        null,
        null,
        1,
        1,
        1,
        1,
        null,
        null,
        null,
        null,
        null,
        null,
        null,
        null,
        1,
        null,
        null,
        1,
        1,
        null,
        1,
        1,
        1,
        1,
        1,
        1,
        null,
        null
      ],
      "/usr/src/app/spec/views/complete_internships/mock_path_helper.rb": [
        null,
        null,
        1,
        3,
        null,
        null,
        null,
        3,
        12,
        null,
        null,
        null
      ],
      "/usr/src/app/spec/views/complete_internships/new.html.erb_spec.rb": [
        null,
        null,
        1,
        1,
        null,
        1,
        1,
        1,
        1,
        1,
        null,
        null,
        1,
        1,
        null,
        null,
        null,
        null,
        null,
        null,
        null,
        null,
        null,
        null,
        null,
        null,
        null
      ],
      "/usr/src/app/spec/views/complete_internships/show.html.erb_spec.rb": [
        null,
        null,
        1,
        1,
        null,
        1,
        1,
        1,
        null,
        null,
        1,
        null,
        null,
        1,
        1,
        null,
        1,
        null,
        1,
        null,
        null,
        1,
        null,
        null,
        1,
        null,
        null,
        null,
        1,
        null,
        null,
        1,
        null,
        null,
        1,
        null,
        null,
        null,
        null
      ],
      "/usr/src/app/app/models/ability.rb": [
        null,
        null,
        null,
        1,
        1,
        null,
        1,
        248,
        null,
        248,
        null,
        248,
        248,
        248,
        248,
        null,
        null,
        null,
        null,
        null,
        248,
        248,
        null,
        248,
        null,
        248,
        248,
        248,
        null,
        null,
        248,
        null,
        248,
        null,
        66,
        66,
        66,
        null,
        66,
        null,
        57,
        null,
        null
      ],
      "/usr/src/app/app/models/payment_state.rb": [
        null,
        null,
        null,
        1,
        null,
        null,
        1,
        null
      ],
      "/usr/src/app/app/models/contract_state.rb": [
        null,
        null,
        null,
        1,
        null,
        null,
        1,
        null
      ],
      "/usr/src/app/app/models/report_state.rb": [
        null,
        null,
        null,
        1,
        null,
        null,
        1,
        null
      ],
      "/usr/src/app/app/models/certificate_state.rb": [
        null,
        null,
        null,
        1,
        null,
        null,
        1,
        null
      ],
      "/usr/src/app/app/models/notification.rb": [
        null,
        null,
        null,
        1,
        null,
        null,
        1,
        null,
        1,
        null
      ],
      "/usr/src/app/app/models/favorite.rb": [
        null,
        null,
        null,
        1,
        null,
        null,
        1,
        1,
        null,
        1,
        1,
        null
      ],
      "/usr/src/app/app/mailers/internship_mailer.rb": [
        null,
        null,
        null,
        1,
        1,
        null,
        1,
        4,
        4,
        4,
        null,
        null,
        null
      ]
    },
    "timestamp": 1567517263
  }
}
